[debug] [2024-11-12T17:48:43.723Z] ----------------------------------------------------------------------
[debug] [2024-11-12T17:48:43.725Z] Command:       C:\Program Files\nodejs\node.exe C:\Users\fxlgu\AppData\Roaming\npm\node_modules\firebase-tools\lib\bin\firebase.js init
[debug] [2024-11-12T17:48:43.725Z] CLI Version:   13.24.2
[debug] [2024-11-12T17:48:43.726Z] Platform:      win32
[debug] [2024-11-12T17:48:43.726Z] Node Version:  v20.14.0
[debug] [2024-11-12T17:48:43.726Z] Time:          Tue Nov 12 2024 23:18:43 GMT+0530 (India Standard Time)
[debug] [2024-11-12T17:48:43.726Z] ----------------------------------------------------------------------
[debug] 
[debug] [2024-11-12T17:48:43.731Z] > command requires scopes: ["email","openid","https://www.googleapis.com/auth/cloudplatformprojects.readonly","https://www.googleapis.com/auth/firebase","https://www.googleapis.com/auth/cloud-platform"]
[debug] [2024-11-12T17:48:43.732Z] > authorizing via signed-in user (falgunagohel@gmail.com)
[info] 
     ######## #### ########  ######## ########     ###     ######  ########
     ##        ##  ##     ## ##       ##     ##  ##   ##  ##       ##
     ######    ##  ########  ######   ########  #########  ######  ######
     ##        ##  ##    ##  ##       ##     ## ##     ##       ## ##
     ##       #### ##     ## ######## ########  ##     ##  ######  ########

You're about to initialize a Firebase project in this directory:

  C:\Users\fxlgu\Documents\GitHub\liminalfinal

[info] 
=== Project Setup
[info] 
[info] First, let's associate this project directory with a Firebase project.
[info] You can create multiple project aliases by running firebase use --add, 
[info] but for now we'll just set up a default project.
[info] 
[debug] [2024-11-12T17:49:00.044Z] Checked if tokens are valid: false, expires at: 1713505220554
[debug] [2024-11-12T17:49:00.044Z] Checked if tokens are valid: false, expires at: 1713505220554
[debug] [2024-11-12T17:49:00.044Z] > refreshing access token with scopes: []
[debug] [2024-11-12T17:49:00.046Z] >>> [apiv2][query] POST https://www.googleapis.com/oauth2/v3/token [none]
[debug] [2024-11-12T17:49:00.046Z] >>> [apiv2][body] POST https://www.googleapis.com/oauth2/v3/token [omitted]
[debug] [2024-11-12T17:49:00.390Z] <<< [apiv2][status] POST https://www.googleapis.com/oauth2/v3/token 400
[debug] [2024-11-12T17:49:00.390Z] <<< [apiv2][body] POST https://www.googleapis.com/oauth2/v3/token [omitted]
[debug] [2024-11-12T17:49:00.391Z] >>> [apiv2][query] GET https://firebase.googleapis.com/v1beta1/projects pageSize=100
[debug] [2024-11-12T17:49:00.926Z] <<< [apiv2][status] GET https://firebase.googleapis.com/v1beta1/projects 401
[debug] [2024-11-12T17:49:00.926Z] <<< [apiv2][body] GET https://firebase.googleapis.com/v1beta1/projects [omitted]
[debug] [2024-11-12T17:49:00.926Z] Got a 401 Unauthenticated error for a call that required authentication. Refreshing tokens.
[debug] [2024-11-12T17:49:00.926Z] Checked if tokens are valid: false, expires at: 1713505220554
[debug] [2024-11-12T17:49:00.926Z] Checked if tokens are valid: false, expires at: 1713505220554
[debug] [2024-11-12T17:49:00.926Z] > refreshing access token with scopes: []
[debug] [2024-11-12T17:49:00.927Z] >>> [apiv2][query] POST https://www.googleapis.com/oauth2/v3/token [none]
[debug] [2024-11-12T17:49:00.927Z] >>> [apiv2][body] POST https://www.googleapis.com/oauth2/v3/token [omitted]
[debug] [2024-11-12T17:49:01.062Z] <<< [apiv2][status] POST https://www.googleapis.com/oauth2/v3/token 400
[debug] [2024-11-12T17:49:01.062Z] <<< [apiv2][body] POST https://www.googleapis.com/oauth2/v3/token [omitted]
[debug] [2024-11-12T17:49:01.063Z] Request to https://firebase.googleapis.com/v1beta1/projects?pageSize=100 had HTTP Error: 401, Request had invalid authentication credentials. Expected OAuth 2 access token, login cookie or other valid authentication credential. See https://developers.google.com/identity/sign-in/web/devconsole-project.
[debug] [2024-11-12T17:49:01.363Z] FirebaseError: Request to https://firebase.googleapis.com/v1beta1/projects?pageSize=100 had HTTP Error: 401, Request had invalid authentication credentials. Expected OAuth 2 access token, login cookie or other valid authentication credential. See https://developers.google.com/identity/sign-in/web/devconsole-project.
    at responseToError (C:\Users\fxlgu\AppData\Roaming\npm\node_modules\firebase-tools\lib\responseToError.js:52:12)
    at RetryOperation._fn (C:\Users\fxlgu\AppData\Roaming\npm\node_modules\firebase-tools\lib\apiv2.js:312:77)
    at process.processTicksAndRejections (node:internal/process/task_queues:95:5)
[error] 
[error] Error: Failed to list Firebase projects. See firebase-debug.log for more info.
[debug] [2024-11-12T17:49:18.459Z] ----------------------------------------------------------------------
[debug] [2024-11-12T17:49:18.461Z] Command:       C:\Program Files\nodejs\node.exe C:\Users\fxlgu\AppData\Roaming\npm\node_modules\firebase-tools\lib\bin\firebase.js init
[debug] [2024-11-12T17:49:18.462Z] CLI Version:   13.24.2
[debug] [2024-11-12T17:49:18.462Z] Platform:      win32
[debug] [2024-11-12T17:49:18.462Z] Node Version:  v20.14.0
[debug] [2024-11-12T17:49:18.462Z] Time:          Tue Nov 12 2024 23:19:18 GMT+0530 (India Standard Time)
[debug] [2024-11-12T17:49:18.462Z] ----------------------------------------------------------------------
[debug] 
[debug] [2024-11-12T17:49:18.468Z] > command requires scopes: ["email","openid","https://www.googleapis.com/auth/cloudplatformprojects.readonly","https://www.googleapis.com/auth/firebase","https://www.googleapis.com/auth/cloud-platform"]
[debug] [2024-11-12T17:49:18.468Z] > authorizing via signed-in user (falgunagohel@gmail.com)
[info] 
     ######## #### ########  ######## ########     ###     ######  ########
     ##        ##  ##     ## ##       ##     ##  ##   ##  ##       ##
     ######    ##  ########  ######   ########  #########  ######  ######
     ##        ##  ##    ##  ##       ##     ## ##     ##       ## ##
     ##       #### ##     ## ######## ########  ##     ##  ######  ########

You're about to initialize a Firebase project in this directory:

  C:\Users\fxlgu\Documents\GitHub\liminalfinal

[info] 
=== Project Setup
[info] 
[info] First, let's associate this project directory with a Firebase project.
[info] You can create multiple project aliases by running firebase use --add, 
[info] but for now we'll just set up a default project.
[info] 
[debug] [2024-11-12T17:49:32.556Z] Checked if tokens are valid: false, expires at: 1713505220554
[debug] [2024-11-12T17:49:32.556Z] Checked if tokens are valid: false, expires at: 1713505220554
[debug] [2024-11-12T17:49:32.557Z] > refreshing access token with scopes: []
[debug] [2024-11-12T17:49:32.558Z] >>> [apiv2][query] POST https://www.googleapis.com/oauth2/v3/token [none]
[debug] [2024-11-12T17:49:32.558Z] >>> [apiv2][body] POST https://www.googleapis.com/oauth2/v3/token [omitted]
[debug] [2024-11-12T17:49:32.925Z] <<< [apiv2][status] POST https://www.googleapis.com/oauth2/v3/token 400
[debug] [2024-11-12T17:49:32.925Z] <<< [apiv2][body] POST https://www.googleapis.com/oauth2/v3/token [omitted]
[debug] [2024-11-12T17:49:32.925Z] >>> [apiv2][query] GET https://firebase.googleapis.com/v1beta1/projects pageSize=100
[debug] [2024-11-12T17:49:33.455Z] <<< [apiv2][status] GET https://firebase.googleapis.com/v1beta1/projects 401
[debug] [2024-11-12T17:49:33.455Z] <<< [apiv2][body] GET https://firebase.googleapis.com/v1beta1/projects [omitted]
[debug] [2024-11-12T17:49:33.455Z] Got a 401 Unauthenticated error for a call that required authentication. Refreshing tokens.
[debug] [2024-11-12T17:49:33.456Z] Checked if tokens are valid: false, expires at: 1713505220554
[debug] [2024-11-12T17:49:33.456Z] Checked if tokens are valid: false, expires at: 1713505220554
[debug] [2024-11-12T17:49:33.456Z] > refreshing access token with scopes: []
[debug] [2024-11-12T17:49:33.456Z] >>> [apiv2][query] POST https://www.googleapis.com/oauth2/v3/token [none]
[debug] [2024-11-12T17:49:33.456Z] >>> [apiv2][body] POST https://www.googleapis.com/oauth2/v3/token [omitted]
[debug] [2024-11-12T17:49:33.572Z] <<< [apiv2][status] POST https://www.googleapis.com/oauth2/v3/token 400
[debug] [2024-11-12T17:49:33.572Z] <<< [apiv2][body] POST https://www.googleapis.com/oauth2/v3/token [omitted]
[debug] [2024-11-12T17:49:33.572Z] Request to https://firebase.googleapis.com/v1beta1/projects?pageSize=100 had HTTP Error: 401, Request had invalid authentication credentials. Expected OAuth 2 access token, login cookie or other valid authentication credential. See https://developers.google.com/identity/sign-in/web/devconsole-project.
[debug] [2024-11-12T17:49:33.822Z] FirebaseError: Request to https://firebase.googleapis.com/v1beta1/projects?pageSize=100 had HTTP Error: 401, Request had invalid authentication credentials. Expected OAuth 2 access token, login cookie or other valid authentication credential. See https://developers.google.com/identity/sign-in/web/devconsole-project.
    at responseToError (C:\Users\fxlgu\AppData\Roaming\npm\node_modules\firebase-tools\lib\responseToError.js:52:12)
    at RetryOperation._fn (C:\Users\fxlgu\AppData\Roaming\npm\node_modules\firebase-tools\lib\apiv2.js:312:77)
    at process.processTicksAndRejections (node:internal/process/task_queues:95:5)
[error] 
[error] Error: Failed to list Firebase projects. See firebase-debug.log for more info.
